<?xml version="1.0" encoding="utf-8" standalone="no"?>
<!--This file represents the results of running a test suite-->
<test-results name="C:\Users\Ber-Ard\Documents\Visual Studio 2010\Projects\MovieLibrary\MovieLibrary.Test\bin\Debug\MovieLibrary.Test.dll" total="0" errors="0" failures="0" not-run="0" inconclusive="0" ignored="0" skipped="0" invalid="0" date="2011-06-30" time="00:07:44">
  <environment nunit-version="2.5.5.10112" clr-version="4.0.30319.235" os-version="Microsoft Windows NT 6.1.7601 Service Pack 1" platform="Win32NT" cwd="C:\Program Files (x86)\Microsoft Visual Studio 10.0\Common7\IDE" machine-name="BER-ARD-LEPTOP" user="Ber-Ard" user-domain="Ber-Ard-Leptop" />
  <culture-info current-culture="de-AT" current-uiculture="de-DE" />
  <test-suite type="Assembly" name="C:\Users\Ber-Ard\Documents\Visual Studio 2010\Projects\MovieLibrary\MovieLibrary.Test\bin\Debug\MovieLibrary.Test.dll" executed="False" result="NotRunnable">
    <reason>
      <message><![CDATA[Has no TestFixtures]]></message>
    </reason>
  </test-suite>
</test-results>